Warning: duplicate option '-nosplit' overrides previous value. (CMD-018)
 
****************************************
Report : area
Design : control
Version: J-2014.09-SP4
Date   : Sun Feb 14 18:55:32 2016
****************************************

Library(s) Used:

    saed32lvt_tt1p05vn40c (File: /users/ugrad2/2012/spring/pooriam/libraries/saed32lvt_tt1p05vn40c.db)

Number of ports:                          115
Number of nets:                           122
Number of cells:                           90
Number of combinational cells:             90
Number of sequential cells:                 0
Number of macros/black boxes:               0
Number of buf/inv:                         21
Number of references:                      18

Combinational area:                166.718465
Buf/Inv area:                       26.939264
Noncombinational area:               0.000000
Macro/Black Box area:                0.000000
Net Interconnect area:              29.077399

Total cell area:                   166.718465
Total area:                        195.795864

The above information was reported from the logical library. The following are from the physical library:

Hierarchical area distribution
------------------------------

                                  Global cell area          Local cell area
                                  ------------------  --------------------------- 
Hierarchical cell                 Absolute   Percent  Combi-    Noncombi-  Black-
                                  Total      Total    national  national   boxes   Design
--------------------------------  ---------  -------  --------  ---------  ------  ---------
control                            166.7185    100.0  166.7185     0.0000  0.0000  control
--------------------------------  ---------  -------  --------  ---------  ------  ---------
Total                                                 166.7185     0.0000  0.0000


Area of detected synthetic parts
--------------------------------
  No DW parts to report!

Total synthetic cell area:              0.0000  0.0%  

1
