Information: Updating design information... (UID-85)
 
****************************************
Report : qor
Design : control
Version: J-2014.09-SP4
Date   : Sun Feb 14 18:55:32 2016
****************************************


  Timing Path Group (none)
  -----------------------------------
  Levels of Logic:              11.00
  Critical Path Length:          0.52
  Critical Path Slack:         uninit
  Critical Path Clk Period:       n/a
  Total Negative Slack:          0.00
  No. of Violating Paths:        0.00
  Worst Hold Violation:          0.00
  Total Hold Violation:          0.00
  No. of Hold Violations:        0.00
  -----------------------------------


  Cell Count
  -----------------------------------
  Hierarchical Cell Count:          0
  Hierarchical Port Count:          0
  Leaf Cell Count:                 90
  Buf/Inv Cell Count:              21
  Buf Cell Count:                   0
  Inv Cell Count:                  21
  CT Buf/Inv Cell Count:            0
  Combinational Cell Count:        90
  Sequential Cell Count:            0
  Macro Count:                      0
  -----------------------------------


  Area
  -----------------------------------
  Combinational Area:      166.718465
  Noncombinational Area:     0.000000
  Buf/Inv Area:             26.939264
  Total Buffer Area:             0.00
  Total Inverter Area:          26.94
  Macro/Black Box Area:      0.000000
  Net Area:                 29.077399
  -----------------------------------
  Cell Area:               166.718465
  Design Area:             195.795864


  Design Rules
  -----------------------------------
  Total Number of Nets:           122
  Nets With Violations:             0
  Max Trans Violations:             0
  Max Cap Violations:               0
  -----------------------------------


  Hostname: zuma.eecs.uci.edu

  Compile CPU Statistics
  -----------------------------------------
  Resource Sharing:                    0.09
  Logic Optimization:                  0.05
  Mapping Optimization:                0.57
  -----------------------------------------
  Overall Compile Time:                3.69
  Overall Compile Wall Clock Time:     5.09

  --------------------------------------------------------------------

  Design  WNS: 0.00  TNS: 0.00  Number of Violating Paths: 0


  Design (Hold)  WNS: 0.00  TNS: 0.00  Number of Violating Paths: 0

  --------------------------------------------------------------------


1
