Information: Updating design information... (UID-85)
 
****************************************
Report : qor
Design : pc
Version: J-2014.09-SP4
Date   : Sun Feb 14 18:39:14 2016
****************************************


  Timing Path Group (none)
  -----------------------------------
  Levels of Logic:               0.00
  Critical Path Length:          0.06
  Critical Path Slack:         uninit
  Critical Path Clk Period:       n/a
  Total Negative Slack:          0.00
  No. of Violating Paths:        0.00
  Worst Hold Violation:          0.00
  Total Hold Violation:          0.00
  No. of Hold Violations:        0.00
  -----------------------------------


  Cell Count
  -----------------------------------
  Hierarchical Cell Count:          0
  Hierarchical Port Count:          0
  Leaf Cell Count:                 66
  Buf/Inv Cell Count:               2
  Buf Cell Count:                   1
  Inv Cell Count:                   1
  CT Buf/Inv Cell Count:            0
  Combinational Cell Count:        34
  Sequential Cell Count:           32
  Macro Count:                      0
  -----------------------------------


  Area
  -----------------------------------
  Combinational Area:       68.873027
  Noncombinational Area:   211.447815
  Buf/Inv Area:              3.812160
  Total Buffer Area:             2.54
  Total Inverter Area:           1.27
  Macro/Black Box Area:      0.000000
  Net Area:                 46.459481
  -----------------------------------
  Cell Area:               280.320842
  Design Area:             326.780323


  Design Rules
  -----------------------------------
  Total Number of Nets:           100
  Nets With Violations:             0
  Max Trans Violations:             0
  Max Cap Violations:               0
  -----------------------------------


  Hostname: zuma.eecs.uci.edu

  Compile CPU Statistics
  -----------------------------------------
  Resource Sharing:                    0.01
  Logic Optimization:                  0.05
  Mapping Optimization:                0.38
  -----------------------------------------
  Overall Compile Time:                4.33
  Overall Compile Wall Clock Time:     5.72

  --------------------------------------------------------------------

  Design  WNS: 0.00  TNS: 0.00  Number of Violating Paths: 0


  Design (Hold)  WNS: 0.00  TNS: 0.00  Number of Violating Paths: 0

  --------------------------------------------------------------------


1
