Information: Updating design information... (UID-85)
 
****************************************
Report : qor
Design : alu
Version: J-2014.09-SP4
Date   : Sun Feb 14 18:49:14 2016
****************************************


  Timing Path Group (none)
  -----------------------------------
  Levels of Logic:              40.00
  Critical Path Length:          2.77
  Critical Path Slack:         uninit
  Critical Path Clk Period:       n/a
  Total Negative Slack:          0.00
  No. of Violating Paths:        0.00
  Worst Hold Violation:          0.00
  Total Hold Violation:          0.00
  No. of Hold Violations:        0.00
  -----------------------------------


  Cell Count
  -----------------------------------
  Hierarchical Cell Count:          0
  Hierarchical Port Count:          0
  Leaf Cell Count:                962
  Buf/Inv Cell Count:             120
  Buf Cell Count:                   6
  Inv Cell Count:                 114
  CT Buf/Inv Cell Count:            0
  Combinational Cell Count:       962
  Sequential Cell Count:            0
  Macro Count:                      0
  -----------------------------------


  Area
  -----------------------------------
  Combinational Area:     2136.080325
  Noncombinational Area:     0.000000
  Buf/Inv Area:            162.398016
  Total Buffer Area:            14.74
  Total Inverter Area:         147.66
  Macro/Black Box Area:      0.000000
  Net Area:                674.242710
  -----------------------------------
  Cell Area:              2136.080325
  Design Area:            2810.323036


  Design Rules
  -----------------------------------
  Total Number of Nets:          1063
  Nets With Violations:             0
  Max Trans Violations:             0
  Max Cap Violations:               0
  -----------------------------------


  Hostname: zuma.eecs.uci.edu

  Compile CPU Statistics
  -----------------------------------------
  Resource Sharing:                    0.86
  Logic Optimization:                  0.25
  Mapping Optimization:                1.23
  -----------------------------------------
  Overall Compile Time:                7.49
  Overall Compile Wall Clock Time:     8.91

  --------------------------------------------------------------------

  Design  WNS: 0.00  TNS: 0.00  Number of Violating Paths: 0


  Design (Hold)  WNS: 0.00  TNS: 0.00  Number of Violating Paths: 0

  --------------------------------------------------------------------


1
