Warning: duplicate option '-nosplit' overrides previous value. (CMD-018)
 
****************************************
Report : area
Design : regfile
Version: J-2014.09-SP4
Date   : Sun Feb 14 18:48:17 2016
****************************************

Library(s) Used:

    saed32lvt_tt1p05vn40c (File: /users/ugrad2/2012/spring/pooriam/libraries/saed32lvt_tt1p05vn40c.db)

Number of ports:                          114
Number of nets:                          1337
Number of cells:                         1289
Number of combinational cells:            809
Number of sequential cells:               480
Number of macros/black boxes:               0
Number of buf/inv:                         43
Number of references:                      13

Combinational area:               1959.958527
Buf/Inv area:                       92.254272
Noncombinational area:            2439.782410
Macro/Black Box area:                0.000000
Net Interconnect area:            1146.411551

Total cell area:                  4399.740937
Total area:                       5546.152487

The above information was reported from the logical library. The following are from the physical library:

Hierarchical area distribution
------------------------------

                                  Global cell area          Local cell area
                                  ------------------  ---------------------------- 
Hierarchical cell                 Absolute   Percent  Combi-     Noncombi-  Black-
                                  Total      Total    national   national   boxes   Design
--------------------------------  ---------  -------  ---------  ---------  ------  ---------
regfile                           4399.7409    100.0  1959.9585  2439.7824  0.0000  regfile
--------------------------------  ---------  -------  ---------  ---------  ------  ---------
Total                                                 1959.9585  2439.7824  0.0000


Area of detected synthetic parts
--------------------------------
  No DW parts to report!

Total synthetic cell area:              0.0000  0.0%  

1
